[start] Wed Feb 25 21:47:02 CST 2026
[round 3] ===== Wed Feb 25 21:47:02 CST 2026 =====
Would you like me to try again to edit the files, or can you apply these changes manually? If you grant write permission, I can implement these validation rules directly.
test_arxiv_agent (unittest.loader._FailedTest.test_arxiv_agent) ... ERROR
test_supply_graph (unittest.loader._FailedTest.test_supply_graph) ... ERROR
test_supply_ingestion (unittest.loader._FailedTest.test_supply_ingestion) ... ERROR

======================================================================
ERROR: test_arxiv_agent (unittest.loader._FailedTest.test_arxiv_agent)
----------------------------------------------------------------------
ImportError: Failed to import test module: test_arxiv_agent
Traceback (most recent call last):
  File "/opt/homebrew/Cellar/python@3.14/3.14.3_1/Frameworks/Python.framework/Versions/3.14/lib/python3.14/unittest/loader.py", line 426, in _find_test_path
    module = self._get_module_from_name(name)
  File "/opt/homebrew/Cellar/python@3.14/3.14.3_1/Frameworks/Python.framework/Versions/3.14/lib/python3.14/unittest/loader.py", line 367, in _get_module_from_name
    __import__(name)
    ~~~~~~~~~~^^^^^^
  File "/Users/rrp/Documents/aicode/tests/test_arxiv_agent.py", line 3, in <module>
    from multi_agent_system.agents import ArxivAgent
  File "/Users/rrp/Documents/aicode/src/multi_agent_system/__init__.py", line 1, in <module>
    from .core.agent import AgentResponse, BaseAgent
  File "/Users/rrp/Documents/aicode/src/multi_agent_system/core/__init__.py", line 3, in <module>
    from .orchestrator import Orchestrator
  File "/Users/rrp/Documents/aicode/src/multi_agent_system/core/orchestrator.py", line 9, in <module>
    from .tracing import TraceLevel, trace
  File "/Users/rrp/Documents/aicode/src/multi_agent_system/core/tracing.py", line 10, in <module>
    from loguru import logger
ModuleNotFoundError: No module named 'loguru'


======================================================================
ERROR: test_supply_graph (unittest.loader._FailedTest.test_supply_graph)
----------------------------------------------------------------------
ImportError: Failed to import test module: test_supply_graph
Traceback (most recent call last):
  File "/opt/homebrew/Cellar/python@3.14/3.14.3_1/Frameworks/Python.framework/Versions/3.14/lib/python3.14/unittest/loader.py", line 426, in _find_test_path
    module = self._get_module_from_name(name)
  File "/opt/homebrew/Cellar/python@3.14/3.14.3_1/Frameworks/Python.framework/Versions/3.14/lib/python3.14/unittest/loader.py", line 367, in _get_module_from_name
    __import__(name)
    ~~~~~~~~~~^^^^^^
  File "/Users/rrp/Documents/aicode/tests/test_supply_graph.py", line 5, in <module>
    from multi_agent_system.knowledge.supply_graph_database import (
    ...<2 lines>...
    )
  File "/Users/rrp/Documents/aicode/src/multi_agent_system/__init__.py", line 3, in <module>
    from .core.orchestrator import Orchestrator
  File "/Users/rrp/Documents/aicode/src/multi_agent_system/core/__init__.py", line 3, in <module>
    from .orchestrator import Orchestrator
  File "/Users/rrp/Documents/aicode/src/multi_agent_system/core/orchestrator.py", line 9, in <module>
    from .tracing import TraceLevel, trace
  File "/Users/rrp/Documents/aicode/src/multi_agent_system/core/tracing.py", line 10, in <module>
    from loguru import logger
ModuleNotFoundError: No module named 'loguru'


======================================================================
ERROR: test_supply_ingestion (unittest.loader._FailedTest.test_supply_ingestion)
----------------------------------------------------------------------
ImportError: Failed to import test module: test_supply_ingestion
Traceback (most recent call last):
  File "/opt/homebrew/Cellar/python@3.14/3.14.3_1/Frameworks/Python.framework/Versions/3.14/lib/python3.14/unittest/loader.py", line 426, in _find_test_path
    module = self._get_module_from_name(name)
  File "/opt/homebrew/Cellar/python@3.14/3.14.3_1/Frameworks/Python.framework/Versions/3.14/lib/python3.14/unittest/loader.py", line 367, in _get_module_from_name
    __import__(name)
    ~~~~~~~~~~^^^^^^
  File "/Users/rrp/Documents/aicode/tests/test_supply_ingestion.py", line 5, in <module>
    from multi_agent_system.knowledge.supply_ingestion import (
    ...<5 lines>...
    )
  File "/Users/rrp/Documents/aicode/src/multi_agent_system/__init__.py", line 3, in <module>
    from .core.orchestrator import Orchestrator
  File "/Users/rrp/Documents/aicode/src/multi_agent_system/core/__init__.py", line 3, in <module>
    from .orchestrator import Orchestrator
  File "/Users/rrp/Documents/aicode/src/multi_agent_system/core/orchestrator.py", line 9, in <module>
    from .tracing import TraceLevel, trace
  File "/Users/rrp/Documents/aicode/src/multi_agent_system/core/tracing.py", line 10, in <module>
    from loguru import logger
ModuleNotFoundError: No module named 'loguru'


----------------------------------------------------------------------
Ran 3 tests in 0.000s

FAILED (errors=3)
[round 3] test_rc=1
To https://github.com/pricalinat/aicode.git
   876a4f0..69116ae  main -> main
[round 3] push_rc=0
[round 4] ===== Wed Feb 25 21:56:35 CST 2026 =====
I need write permission to create the evaluation module. Please add the following to your permissions in `.claude/settings.local.json`:

```json
"Write(/Users/rrp/Documents/aicode/src/**)"
```

Or you can manually create the file at:
`/Users/rrp/Documents/aicode/src/multi_agent_system/knowledge/supply_graph_eval.py`

Would you like me to wait while you add the permission, or would you prefer to create the file manually?
test_arxiv_agent (unittest.loader._FailedTest.test_arxiv_agent) ... ERROR
test_supply_graph (unittest.loader._FailedTest.test_supply_graph) ... ERROR
test_supply_ingestion (unittest.loader._FailedTest.test_supply_ingestion) ... ERROR

======================================================================
ERROR: test_arxiv_agent (unittest.loader._FailedTest.test_arxiv_agent)
----------------------------------------------------------------------
ImportError: Failed to import test module: test_arxiv_agent
Traceback (most recent call last):
  File "/opt/homebrew/Cellar/python@3.14/3.14.3_1/Frameworks/Python.framework/Versions/3.14/lib/python3.14/unittest/loader.py", line 426, in _find_test_path
    module = self._get_module_from_name(name)
  File "/opt/homebrew/Cellar/python@3.14/3.14.3_1/Frameworks/Python.framework/Versions/3.14/lib/python3.14/unittest/loader.py", line 367, in _get_module_from_name
    __import__(name)
    ~~~~~~~~~~^^^^^^
  File "/Users/rrp/Documents/aicode/tests/test_arxiv_agent.py", line 3, in <module>
    from multi_agent_system.agents import ArxivAgent
  File "/Users/rrp/Documents/aicode/src/multi_agent_system/__init__.py", line 1, in <module>
    from .core.agent import AgentResponse, BaseAgent
  File "/Users/rrp/Documents/aicode/src/multi_agent_system/core/__init__.py", line 3, in <module>
    from .orchestrator import Orchestrator
  File "/Users/rrp/Documents/aicode/src/multi_agent_system/core/orchestrator.py", line 9, in <module>
    from .tracing import TraceLevel, trace
  File "/Users/rrp/Documents/aicode/src/multi_agent_system/core/tracing.py", line 10, in <module>
    from loguru import logger
ModuleNotFoundError: No module named 'loguru'


======================================================================
ERROR: test_supply_graph (unittest.loader._FailedTest.test_supply_graph)
----------------------------------------------------------------------
ImportError: Failed to import test module: test_supply_graph
Traceback (most recent call last):
  File "/opt/homebrew/Cellar/python@3.14/3.14.3_1/Frameworks/Python.framework/Versions/3.14/lib/python3.14/unittest/loader.py", line 426, in _find_test_path
    module = self._get_module_from_name(name)
  File "/opt/homebrew/Cellar/python@3.14/3.14.3_1/Frameworks/Python.framework/Versions/3.14/lib/python3.14/unittest/loader.py", line 367, in _get_module_from_name
    __import__(name)
    ~~~~~~~~~~^^^^^^
  File "/Users/rrp/Documents/aicode/tests/test_supply_graph.py", line 5, in <module>
    from multi_agent_system.knowledge.supply_graph_database import (
    ...<2 lines>...
    )
  File "/Users/rrp/Documents/aicode/src/multi_agent_system/__init__.py", line 3, in <module>
    from .core.orchestrator import Orchestrator
  File "/Users/rrp/Documents/aicode/src/multi_agent_system/core/__init__.py", line 3, in <module>
    from .orchestrator import Orchestrator
  File "/Users/rrp/Documents/aicode/src/multi_agent_system/core/orchestrator.py", line 9, in <module>
    from .tracing import TraceLevel, trace
  File "/Users/rrp/Documents/aicode/src/multi_agent_system/core/tracing.py", line 10, in <module>
    from loguru import logger
ModuleNotFoundError: No module named 'loguru'


======================================================================
ERROR: test_supply_ingestion (unittest.loader._FailedTest.test_supply_ingestion)
----------------------------------------------------------------------
ImportError: Failed to import test module: test_supply_ingestion
Traceback (most recent call last):
  File "/opt/homebrew/Cellar/python@3.14/3.14.3_1/Frameworks/Python.framework/Versions/3.14/lib/python3.14/unittest/loader.py", line 426, in _find_test_path
    module = self._get_module_from_name(name)
  File "/opt/homebrew/Cellar/python@3.14/3.14.3_1/Frameworks/Python.framework/Versions/3.14/lib/python3.14/unittest/loader.py", line 367, in _get_module_from_name
    __import__(name)
    ~~~~~~~~~~^^^^^^
  File "/Users/rrp/Documents/aicode/tests/test_supply_ingestion.py", line 5, in <module>
    from multi_agent_system.knowledge.supply_ingestion import (
    ...<5 lines>...
    )
  File "/Users/rrp/Documents/aicode/src/multi_agent_system/__init__.py", line 3, in <module>
    from .core.orchestrator import Orchestrator
  File "/Users/rrp/Documents/aicode/src/multi_agent_system/core/__init__.py", line 3, in <module>
    from .orchestrator import Orchestrator
  File "/Users/rrp/Documents/aicode/src/multi_agent_system/core/orchestrator.py", line 9, in <module>
    from .tracing import TraceLevel, trace
  File "/Users/rrp/Documents/aicode/src/multi_agent_system/core/tracing.py", line 10, in <module>
    from loguru import logger
ModuleNotFoundError: No module named 'loguru'


----------------------------------------------------------------------
Ran 3 tests in 0.000s

FAILED (errors=3)
[round 4] test_rc=1
To https://github.com/pricalinat/aicode.git
   69116ae..0ec367d  main -> main
[round 4] push_rc=0
[round 5] ===== Wed Feb 25 22:03:39 CST 2026 =====
